<?xml version="1.0" encoding="UTF-8" standalone="yes"?><!DOCTYPE report PUBLIC "-//JACOCO//DTD Report 1.0//EN" "report.dtd"><report name="NanoHttpd-Webserver"><sessioninfo id="andrii-HP-EliteBook-808d9883" start="1480850748712" dump="1480850751229"/><sessioninfo id="andrii-HP-EliteBook-c594fd44" start="1480850751959" dump="1480850753897"/><sessioninfo id="andrii-HP-EliteBook-2ec52248" start="1480850754235" dump="1480850756171"/><package name="org/nanohttpd/webserver"><class name="org/nanohttpd/webserver/SimpleWebServer"><method name="main" desc="([Ljava/lang/String;)V" line="105"><counter type="INSTRUCTION" missed="59" covered="295"/><counter type="BRANCH" missed="10" covered="34"/><counter type="LINE" missed="10" covered="48"/><counter type="COMPLEXITY" missed="9" covered="14"/><counter type="METHOD" missed="0" covered="1"/></method><method name="registerPluginForMimeType" desc="([Ljava/lang/String;Ljava/lang/String;Lorg/nanohttpd/webserver/WebServerPlugin;Ljava/util/Map;)V" line="180"><counter type="INSTRUCTION" missed="1" covered="54"/><counter type="BRANCH" missed="4" covered="6"/><counter type="LINE" missed="1" covered="11"/><counter type="COMPLEXITY" missed="4" covered="2"/><counter type="METHOD" missed="0" covered="1"/></method><method name="&lt;init&gt;" desc="(Ljava/lang/String;ILjava/io/File;ZLjava/lang/String;)V" line="205"><counter type="INSTRUCTION" missed="9" covered="0"/><counter type="LINE" missed="2" covered="0"/><counter type="COMPLEXITY" missed="1" covered="0"/><counter type="METHOD" missed="1" covered="0"/></method><method name="&lt;init&gt;" desc="(Ljava/lang/String;ILjava/io/File;Z)V" line="209"><counter type="INSTRUCTION" missed="9" covered="0"/><counter type="LINE" missed="2" covered="0"/><counter type="COMPLEXITY" missed="1" covered="0"/><counter type="METHOD" missed="1" covered="0"/></method><method name="&lt;init&gt;" desc="(Ljava/lang/String;ILjava/util/List;Z)V" line="213"><counter type="INSTRUCTION" missed="8" covered="0"/><counter type="LINE" missed="2" covered="0"/><counter type="COMPLEXITY" missed="1" covered="0"/><counter type="METHOD" missed="1" covered="0"/></method><method name="&lt;init&gt;" desc="(Ljava/lang/String;ILjava/util/List;ZLjava/lang/String;)V" line="217"><counter type="INSTRUCTION" missed="0" covered="19"/><counter type="LINE" missed="0" covered="6"/><counter type="COMPLEXITY" missed="0" covered="1"/><counter type="METHOD" missed="0" covered="1"/></method><method name="canServeUri" desc="(Ljava/lang/String;Ljava/io/File;)Z" line="227"><counter type="INSTRUCTION" missed="0" covered="26"/><counter type="BRANCH" missed="0" covered="4"/><counter type="LINE" missed="0" covered="7"/><counter type="COMPLEXITY" missed="0" covered="3"/><counter type="METHOD" missed="0" covered="1"/></method><method name="encodeUri" desc="(Ljava/lang/String;)Ljava/lang/String;" line="243"><counter type="INSTRUCTION" missed="11" covered="48"/><counter type="BRANCH" missed="1" covered="5"/><counter type="LINE" missed="2" covered="11"/><counter type="COMPLEXITY" missed="1" covered="3"/><counter type="METHOD" missed="0" covered="1"/></method><method name="findIndexFileInDirectory" desc="(Ljava/io/File;)Ljava/lang/String;" line="262"><counter type="INSTRUCTION" missed="0" covered="24"/><counter type="BRANCH" missed="0" covered="4"/><counter type="LINE" missed="0" covered="6"/><counter type="COMPLEXITY" missed="0" covered="3"/><counter type="METHOD" missed="0" covered="1"/></method><method name="getForbiddenResponse" desc="(Ljava/lang/String;)Lorg/nanohttpd/protocols/http/response/Response;" line="272"><counter type="INSTRUCTION" missed="0" covered="12"/><counter type="LINE" missed="0" covered="1"/><counter type="COMPLEXITY" missed="0" covered="1"/><counter type="METHOD" missed="0" covered="1"/></method><method name="getInternalErrorResponse" desc="(Ljava/lang/String;)Lorg/nanohttpd/protocols/http/response/Response;" line="276"><counter type="INSTRUCTION" missed="12" covered="0"/><counter type="LINE" missed="1" covered="0"/><counter type="COMPLEXITY" missed="1" covered="0"/><counter type="METHOD" missed="1" covered="0"/></method><method name="getNotFoundResponse" desc="()Lorg/nanohttpd/protocols/http/response/Response;" line="280"><counter type="INSTRUCTION" missed="0" covered="5"/><counter type="LINE" missed="0" covered="1"/><counter type="COMPLEXITY" missed="0" covered="1"/><counter type="METHOD" missed="0" covered="1"/></method><method name="init" desc="()V" line="287"><counter type="INSTRUCTION" missed="0" covered="1"/><counter type="LINE" missed="0" covered="1"/><counter type="COMPLEXITY" missed="0" covered="1"/><counter type="METHOD" missed="0" covered="1"/></method><method name="listDirectory" desc="(Ljava/lang/String;Ljava/io/File;)Ljava/lang/String;" line="290"><counter type="INSTRUCTION" missed="18" covered="259"/><counter type="BRANCH" missed="5" covered="21"/><counter type="LINE" missed="1" covered="40"/><counter type="COMPLEXITY" missed="5" covered="9"/><counter type="METHOD" missed="0" covered="1"/></method><method name="newFixedLengthResponse" desc="(Lorg/nanohttpd/protocols/http/response/IStatus;Ljava/lang/String;Ljava/lang/String;)Lorg/nanohttpd/protocols/http/response/Response;" line="358"><counter type="INSTRUCTION" missed="0" covered="11"/><counter type="LINE" missed="0" covered="3"/><counter type="COMPLEXITY" missed="0" covered="1"/><counter type="METHOD" missed="0" covered="1"/></method><method name="respond" desc="(Ljava/util/Map;Lorg/nanohttpd/protocols/http/IHTTPSession;Ljava/lang/String;)Lorg/nanohttpd/protocols/http/response/Response;" line="366"><counter type="INSTRUCTION" missed="0" covered="33"/><counter type="BRANCH" missed="0" covered="6"/><counter type="LINE" missed="0" covered="6"/><counter type="COMPLEXITY" missed="0" covered="4"/><counter type="METHOD" missed="0" covered="1"/></method><method name="defaultRespond" desc="(Ljava/util/Map;Lorg/nanohttpd/protocols/http/IHTTPSession;Ljava/lang/String;)Lorg/nanohttpd/protocols/http/response/Response;" line="380"><counter type="INSTRUCTION" missed="13" covered="181"/><counter type="BRANCH" missed="5" covered="25"/><counter type="LINE" missed="2" covered="33"/><counter type="COMPLEXITY" missed="5" covered="11"/><counter type="METHOD" missed="0" covered="1"/></method><method name="serve" desc="(Lorg/nanohttpd/protocols/http/IHTTPSession;)Lorg/nanohttpd/protocols/http/response/Response;" line="442"><counter type="INSTRUCTION" missed="37" covered="87"/><counter type="BRANCH" missed="3" covered="7"/><counter type="LINE" missed="4" covered="16"/><counter type="COMPLEXITY" missed="3" covered="3"/><counter type="METHOD" missed="0" covered="1"/></method><method name="serveFile" desc="(Ljava/lang/String;Ljava/util/Map;Ljava/io/File;Ljava/lang/String;)Lorg/nanohttpd/protocols/http/response/Response;" line="478"><counter type="INSTRUCTION" missed="28" covered="251"/><counter type="BRANCH" missed="17" covered="27"/><counter type="LINE" missed="5" covered="47"/><counter type="COMPLEXITY" missed="14" covered="9"/><counter type="METHOD" missed="0" covered="1"/></method><method name="newFixedFileResponse" desc="(Ljava/io/File;Ljava/lang/String;)Lorg/nanohttpd/protocols/http/response/Response;" line="575"><counter type="INSTRUCTION" missed="0" covered="18"/><counter type="LINE" missed="0" covered="3"/><counter type="COMPLEXITY" missed="0" covered="1"/><counter type="METHOD" missed="0" covered="1"/></method><method name="addCORSHeaders" desc="(Ljava/util/Map;Lorg/nanohttpd/protocols/http/response/Response;Ljava/lang/String;)Lorg/nanohttpd/protocols/http/response/Response;" line="581"><counter type="INSTRUCTION" missed="0" covered="24"/><counter type="LINE" missed="0" covered="6"/><counter type="COMPLEXITY" missed="0" covered="1"/><counter type="METHOD" missed="0" covered="1"/></method><method name="calculateAllowHeaders" desc="(Ljava/util/Map;)Ljava/lang/String;" line="595"><counter type="INSTRUCTION" missed="0" covered="4"/><counter type="LINE" missed="0" covered="1"/><counter type="COMPLEXITY" missed="0" covered="1"/><counter type="METHOD" missed="0" covered="1"/></method><method name="&lt;clinit&gt;" desc="()V" line="68"><counter type="INSTRUCTION" missed="3" covered="41"/><counter type="BRANCH" missed="0" covered="2"/><counter type="LINE" missed="2" covered="11"/><counter type="COMPLEXITY" missed="0" covered="2"/><counter type="METHOD" missed="0" covered="1"/></method><counter type="INSTRUCTION" missed="208" covered="1393"/><counter type="BRANCH" missed="45" covered="141"/><counter type="LINE" missed="34" covered="258"/><counter type="COMPLEXITY" missed="45" covered="71"/><counter type="METHOD" missed="4" covered="19"/><counter type="CLASS" missed="0" covered="1"/></class><class name="org/nanohttpd/webserver/InternalRewrite"><method name="&lt;init&gt;" desc="(Ljava/util/Map;Ljava/lang/String;)V" line="53"><counter type="INSTRUCTION" missed="0" covered="17"/><counter type="LINE" missed="0" covered="4"/><counter type="COMPLEXITY" missed="0" covered="1"/><counter type="METHOD" missed="0" covered="1"/></method><method name="getHeaders" desc="()Ljava/util/Map;" line="59"><counter type="INSTRUCTION" missed="0" covered="3"/><counter type="LINE" missed="0" covered="1"/><counter type="COMPLEXITY" missed="0" covered="1"/><counter type="METHOD" missed="0" covered="1"/></method><method name="getUri" desc="()Ljava/lang/String;" line="63"><counter type="INSTRUCTION" missed="0" covered="3"/><counter type="LINE" missed="0" covered="1"/><counter type="COMPLEXITY" missed="0" covered="1"/><counter type="METHOD" missed="0" covered="1"/></method><counter type="INSTRUCTION" missed="0" covered="23"/><counter type="LINE" missed="0" covered="6"/><counter type="COMPLEXITY" missed="0" covered="3"/><counter type="METHOD" missed="0" covered="3"/><counter type="CLASS" missed="0" covered="1"/></class><class name="org/nanohttpd/webserver/SimpleWebServer$3"><method name="&lt;init&gt;" desc="(Lorg/nanohttpd/webserver/SimpleWebServer;)V" line="312"><counter type="INSTRUCTION" missed="0" covered="6"/><counter type="LINE" missed="0" covered="1"/><counter type="COMPLEXITY" missed="0" covered="1"/><counter type="METHOD" missed="0" covered="1"/></method><method name="accept" desc="(Ljava/io/File;Ljava/lang/String;)Z" line="316"><counter type="INSTRUCTION" missed="0" covered="7"/><counter type="LINE" missed="0" covered="1"/><counter type="COMPLEXITY" missed="0" covered="1"/><counter type="METHOD" missed="0" covered="1"/></method><counter type="INSTRUCTION" missed="0" covered="13"/><counter type="LINE" missed="0" covered="2"/><counter type="COMPLEXITY" missed="0" covered="2"/><counter type="METHOD" missed="0" covered="2"/><counter type="CLASS" missed="0" covered="1"/></class><class name="org/nanohttpd/webserver/SimpleWebServer$1"><method name="&lt;init&gt;" desc="()V" line="68"><counter type="INSTRUCTION" missed="0" covered="11"/><counter type="LINE" missed="0" covered="4"/><counter type="COMPLEXITY" missed="0" covered="1"/><counter type="METHOD" missed="0" covered="1"/></method><counter type="INSTRUCTION" missed="0" covered="11"/><counter type="LINE" missed="0" covered="4"/><counter type="COMPLEXITY" missed="0" covered="1"/><counter type="METHOD" missed="0" covered="1"/><counter type="CLASS" missed="0" covered="1"/></class><class name="org/nanohttpd/webserver/SimpleWebServer$2"><method name="&lt;init&gt;" desc="(Lorg/nanohttpd/webserver/SimpleWebServer;)V" line="304"><counter type="INSTRUCTION" missed="0" covered="6"/><counter type="LINE" missed="0" covered="1"/><counter type="COMPLEXITY" missed="0" covered="1"/><counter type="METHOD" missed="0" covered="1"/></method><method name="accept" desc="(Ljava/io/File;Ljava/lang/String;)Z" line="308"><counter type="INSTRUCTION" missed="0" covered="7"/><counter type="LINE" missed="0" covered="1"/><counter type="COMPLEXITY" missed="0" covered="1"/><counter type="METHOD" missed="0" covered="1"/></method><counter type="INSTRUCTION" missed="0" covered="13"/><counter type="LINE" missed="0" covered="2"/><counter type="COMPLEXITY" missed="0" covered="2"/><counter type="METHOD" missed="0" covered="2"/><counter type="CLASS" missed="0" covered="1"/></class><sourcefile name="SimpleWebServer.java"><line nr="68" mi="0" ci="6" mb="0" cb="0"/><line nr="71" mi="0" ci="4" mb="0" cb="0"/><line nr="72" mi="0" ci="4" mb="0" cb="0"/><line nr="73" mi="0" ci="1" mb="0" cb="0"/><line nr="81" mi="0" ci="2" mb="0" cb="0"/><line nr="84" mi="0" ci="4" mb="0" cb="0"/><line nr="85" mi="0" ci="4" mb="0" cb="0"/><line nr="86" mi="0" ci="3" mb="0" cb="0"/><line nr="88" mi="0" ci="6" mb="0" cb="2"/><line nr="89" mi="0" ci="6" mb="0" cb="0"/><line nr="91" mi="0" ci="4" mb="0" cb="0"/><line nr="92" mi="1" ci="0" mb="0" cb="0"/><line nr="93" mi="2" ci="0" mb="0" cb="0"/><line nr="94" mi="0" ci="1" mb="0" cb="0"/><line nr="95" mi="0" ci="2" mb="0" cb="0"/><line nr="98" mi="0" ci="5" mb="0" cb="0"/><line nr="105" mi="0" ci="2" mb="0" cb="0"/><line nr="107" mi="0" ci="2" mb="0" cb="0"/><line nr="108" mi="0" ci="4" mb="0" cb="0"/><line nr="109" mi="0" ci="2" mb="0" cb="0"/><line nr="110" mi="0" ci="2" mb="0" cb="0"/><line nr="111" mi="0" ci="4" mb="0" cb="0"/><line nr="114" mi="0" ci="8" mb="0" cb="2"/><line nr="115" mi="0" ci="12" mb="0" cb="4"/><line nr="116" mi="0" ci="7" mb="0" cb="0"/><line nr="117" mi="0" ci="12" mb="0" cb="4"/><line nr="118" mi="0" ci="8" mb="0" cb="0"/><line nr="119" mi="0" ci="12" mb="2" cb="2"/><line nr="120" mi="3" ci="0" mb="0" cb="0"/><line nr="121" mi="0" ci="12" mb="0" cb="4"/><line nr="122" mi="0" ci="13" mb="0" cb="0"/><line nr="123" mi="0" ci="6" mb="0" cb="2"/><line nr="124" mi="0" ci="2" mb="0" cb="0"/><line nr="125" mi="0" ci="6" mb="0" cb="0"/><line nr="126" mi="0" ci="2" mb="0" cb="2"/><line nr="127" mi="0" ci="8" mb="0" cb="0"/><line nr="129" mi="0" ci="7" mb="1" cb="1"/><line nr="130" mi="11" ci="0" mb="0" cb="0"/><line nr="131" mi="0" ci="6" mb="1" cb="1"/><line nr="132" mi="6" ci="0" mb="0" cb="0"/><line nr="133" mi="2" ci="0" mb="2" cb="0"/><line nr="134" mi="7" ci="0" mb="0" cb="0"/><line nr="135" mi="12" ci="0" mb="0" cb="0"/><line nr="136" mi="5" ci="0" mb="0" cb="0"/><line nr="141" mi="0" ci="3" mb="1" cb="1"/><line nr="142" mi="8" ci="0" mb="0" cb="0"/><line nr="144" mi="0" ci="5" mb="0" cb="0"/><line nr="145" mi="0" ci="12" mb="0" cb="0"/><line nr="146" mi="0" ci="6" mb="0" cb="0"/><line nr="147" mi="0" ci="4" mb="0" cb="0"/><line nr="148" mi="0" ci="10" mb="0" cb="2"/><line nr="149" mi="0" ci="3" mb="1" cb="1"/><line nr="150" mi="4" ci="0" mb="0" cb="0"/><line nr="153" mi="0" ci="5" mb="0" cb="0"/><line nr="154" mi="1" ci="0" mb="0" cb="0"/><line nr="155" mi="0" ci="1" mb="0" cb="0"/><line nr="156" mi="0" ci="1" mb="0" cb="0"/><line nr="157" mi="0" ci="6" mb="0" cb="0"/><line nr="158" mi="0" ci="3" mb="0" cb="0"/><line nr="159" mi="0" ci="10" mb="0" cb="2"/><line nr="160" mi="0" ci="3" mb="0" cb="0"/><line nr="161" mi="0" ci="16" mb="0" cb="2"/><line nr="162" mi="0" ci="4" mb="0" cb="0"/><line nr="163" mi="0" ci="2" mb="1" cb="1"/><line nr="164" mi="0" ci="12" mb="0" cb="0"/><line nr="165" mi="0" ci="2" mb="1" cb="1"/><line nr="166" mi="0" ci="3" mb="0" cb="0"/><line nr="167" mi="0" ci="16" mb="0" cb="2"/><line nr="168" mi="0" ci="10" mb="0" cb="0"/><line nr="171" mi="0" ci="3" mb="0" cb="0"/><line nr="173" mi="0" ci="7" mb="0" cb="0"/><line nr="175" mi="0" ci="1" mb="0" cb="0"/><line nr="176" mi="0" ci="9" mb="0" cb="0"/><line nr="177" mi="0" ci="1" mb="0" cb="0"/><line nr="180" mi="0" ci="4" mb="2" cb="2"/><line nr="181" mi="1" ci="0" mb="0" cb="0"/><line nr="184" mi="0" ci="2" mb="1" cb="1"/><line nr="185" mi="0" ci="16" mb="0" cb="2"/><line nr="186" mi="0" ci="4" mb="0" cb="0"/><line nr="187" mi="0" ci="2" mb="1" cb="1"/><line nr="188" mi="0" ci="7" mb="0" cb="0"/><line nr="189" mi="0" ci="5" mb="0" cb="0"/><line nr="192" mi="0" ci="5" mb="0" cb="0"/><line nr="194" mi="0" ci="5" mb="0" cb="0"/><line nr="195" mi="0" ci="3" mb="0" cb="0"/><line nr="196" mi="0" ci="1" mb="0" cb="0"/><line nr="205" mi="8" ci="0" mb="0" cb="0"/><line nr="206" mi="1" ci="0" mb="0" cb="0"/><line nr="209" mi="8" ci="0" mb="0" cb="0"/><line nr="210" mi="1" ci="0" mb="0" cb="0"/><line nr="213" mi="7" ci="0" mb="0" cb="0"/><line nr="214" mi="1" ci="0" mb="0" cb="0"/><line nr="217" mi="0" ci="4" mb="0" cb="0"/><line nr="218" mi="0" ci="3" mb="0" cb="0"/><line nr="219" mi="0" ci="3" mb="0" cb="0"/><line nr="220" mi="0" ci="6" mb="0" cb="0"/><line nr="222" mi="0" ci="2" mb="0" cb="0"/><line nr="223" mi="0" ci="1" mb="0" cb="0"/><line nr="227" mi="0" ci="6" mb="0" cb="0"/><line nr="228" mi="0" ci="3" mb="0" cb="0"/><line nr="229" mi="0" ci="2" mb="0" cb="2"/><line nr="230" mi="0" ci="6" mb="0" cb="0"/><line nr="231" mi="0" ci="2" mb="0" cb="2"/><line nr="232" mi="0" ci="5" mb="0" cb="0"/><line nr="235" mi="0" ci="2" mb="0" cb="0"/><line nr="243" mi="0" ci="2" mb="0" cb="0"/><line nr="244" mi="0" ci="7" mb="0" cb="0"/><line nr="245" mi="0" ci="3" mb="0" cb="2"/><line nr="246" mi="0" ci="3" mb="0" cb="0"/><line nr="247" mi="0" ci="4" mb="0" cb="2"/><line nr="248" mi="0" ci="10" mb="0" cb="0"/><line nr="249" mi="0" ci="4" mb="1" cb="1"/><line nr="250" mi="10" ci="0" mb="0" cb="0"/><line nr="253" mi="0" ci="11" mb="0" cb="0"/><line nr="254" mi="1" ci="0" mb="0" cb="0"/><line nr="255" mi="0" ci="1" mb="0" cb="0"/><line nr="257" mi="0" ci="1" mb="0" cb="0"/><line nr="258" mi="0" ci="2" mb="0" cb="0"/><line nr="262" mi="0" ci="10" mb="0" cb="2"/><line nr="263" mi="0" ci="6" mb="0" cb="0"/><line nr="264" mi="0" ci="3" mb="0" cb="2"/><line nr="265" mi="0" ci="2" mb="0" cb="0"/><line nr="267" mi="0" ci="1" mb="0" cb="0"/><line nr="268" mi="0" ci="2" mb="0" cb="0"/><line nr="272" mi="0" ci="12" mb="0" cb="0"/><line nr="276" mi="12" ci="0" mb="0" cb="0"/><line nr="280" mi="0" ci="5" mb="0" cb="0"/><line nr="287" mi="0" ci="1" mb="0" cb="0"/><line nr="290" mi="0" ci="9" mb="0" cb="0"/><line nr="291" mi="0" ci="18" mb="0" cb="0"/><line nr="295" mi="0" ci="2" mb="0" cb="0"/><line nr="296" mi="0" ci="4" mb="0" cb="2"/><line nr="297" mi="0" ci="8" mb="0" cb="0"/><line nr="298" mi="0" ci="4" mb="0" cb="0"/><line nr="299" mi="0" ci="6" mb="2" cb="2"/><line nr="300" mi="0" ci="7" mb="0" cb="0"/><line nr="304" mi="0" ci="14" mb="0" cb="0"/><line nr="308" mi="0" ci="7" mb="0" cb="0"/><line nr="311" mi="0" ci="2" mb="0" cb="0"/><line nr="312" mi="0" ci="14" mb="0" cb="0"/><line nr="316" mi="0" ci="7" mb="0" cb="0"/><line nr="319" mi="0" ci="2" mb="0" cb="0"/><line nr="320" mi="0" ci="8" mb="1" cb="3"/><line nr="321" mi="0" ci="4" mb="0" cb="0"/><line nr="322" mi="0" ci="5" mb="1" cb="3"/><line nr="323" mi="0" ci="4" mb="0" cb="0"/><line nr="324" mi="0" ci="2" mb="0" cb="2"/><line nr="325" mi="0" ci="8" mb="0" cb="0"/><line nr="327" mi="0" ci="10" mb="0" cb="2"/><line nr="328" mi="0" ci="9" mb="0" cb="0"/><line nr="329" mi="0" ci="21" mb="0" cb="0"/><line nr="330" mi="0" ci="1" mb="0" cb="0"/><line nr="331" mi="0" ci="4" mb="0" cb="0"/><line nr="333" mi="0" ci="3" mb="0" cb="2"/><line nr="334" mi="0" ci="4" mb="0" cb="0"/><line nr="335" mi="0" ci="10" mb="0" cb="2"/><line nr="336" mi="0" ci="21" mb="0" cb="0"/><line nr="337" mi="0" ci="6" mb="0" cb="0"/><line nr="338" mi="0" ci="3" mb="0" cb="0"/><line nr="339" mi="0" ci="4" mb="0" cb="0"/><line nr="340" mi="0" ci="4" mb="0" cb="2"/><line nr="341" mi="0" ci="7" mb="0" cb="0"/><line nr="342" mi="0" ci="4" mb="1" cb="1"/><line nr="343" mi="0" ci="19" mb="0" cb="0"/><line nr="345" mi="18" ci="0" mb="0" cb="0"/><line nr="347" mi="0" ci="4" mb="0" cb="0"/><line nr="348" mi="0" ci="1" mb="0" cb="0"/><line nr="349" mi="0" ci="4" mb="0" cb="0"/><line nr="351" mi="0" ci="4" mb="0" cb="0"/><line nr="353" mi="0" ci="4" mb="0" cb="0"/><line nr="354" mi="0" ci="3" mb="0" cb="0"/><line nr="358" mi="0" ci="5" mb="0" cb="0"/><line nr="359" mi="0" ci="4" mb="0" cb="0"/><line nr="360" mi="0" ci="2" mb="0" cb="0"/><line nr="366" mi="0" ci="8" mb="0" cb="4"/><line nr="367" mi="0" ci="7" mb="0" cb="0"/><line nr="369" mi="0" ci="6" mb="0" cb="0"/><line nr="372" mi="0" ci="3" mb="0" cb="2"/><line nr="373" mi="0" ci="7" mb="0" cb="0"/><line nr="375" mi="0" ci="2" mb="0" cb="0"/><line nr="380" mi="0" ci="6" mb="0" cb="0"/><line nr="381" mi="0" ci="4" mb="1" cb="1"/><line nr="382" mi="7" ci="0" mb="0" cb="0"/><line nr="386" mi="0" ci="4" mb="0" cb="2"/><line nr="387" mi="0" ci="4" mb="0" cb="0"/><line nr="390" mi="0" ci="2" mb="0" cb="0"/><line nr="391" mi="0" ci="2" mb="0" cb="0"/><line nr="392" mi="0" ci="11" mb="0" cb="4"/><line nr="393" mi="0" ci="6" mb="0" cb="0"/><line nr="394" mi="0" ci="5" mb="0" cb="0"/><line nr="396" mi="0" ci="2" mb="0" cb="2"/><line nr="397" mi="0" ci="3" mb="0" cb="0"/><line nr="402" mi="0" ci="6" mb="0" cb="0"/><line nr="403" mi="0" ci="7" mb="0" cb="4"/><line nr="404" mi="0" ci="9" mb="0" cb="0"/><line nr="405" mi="0" ci="18" mb="0" cb="0"/><line nr="406" mi="0" ci="4" mb="0" cb="0"/><line nr="407" mi="0" ci="2" mb="0" cb="0"/><line nr="410" mi="0" ci="3" mb="0" cb="2"/><line nr="413" mi="0" ci="4" mb="0" cb="0"/><line nr="414" mi="0" ci="2" mb="0" cb="2"/><line nr="415" mi="0" ci="3" mb="1" cb="1"/><line nr="417" mi="0" ci="8" mb="0" cb="0"/><line nr="419" mi="4" ci="0" mb="0" cb="0"/><line nr="422" mi="0" ci="13" mb="0" cb="0"/><line nr="425" mi="0" ci="3" mb="0" cb="0"/><line nr="426" mi="0" ci="5" mb="0" cb="0"/><line nr="427" mi="0" ci="2" mb="0" cb="0"/><line nr="428" mi="0" ci="7" mb="1" cb="3"/><line nr="429" mi="0" ci="8" mb="0" cb="0"/><line nr="430" mi="0" ci="5" mb="1" cb="3"/><line nr="431" mi="0" ci="3" mb="0" cb="0"/><line nr="432" mi="0" ci="8" mb="0" cb="0"/><line nr="435" mi="0" ci="7" mb="0" cb="0"/><line nr="437" mi="2" ci="5" mb="1" cb="1"/><line nr="442" mi="0" ci="3" mb="0" cb="0"/><line nr="443" mi="0" ci="3" mb="0" cb="0"/><line nr="444" mi="0" ci="3" mb="0" cb="0"/><line nr="446" mi="0" ci="3" mb="1" cb="1"/><line nr="447" mi="0" ci="15" mb="0" cb="0"/><line nr="449" mi="0" ci="4" mb="0" cb="0"/><line nr="450" mi="0" ci="3" mb="0" cb="2"/><line nr="451" mi="0" ci="4" mb="0" cb="0"/><line nr="452" mi="0" ci="19" mb="0" cb="0"/><line nr="453" mi="0" ci="1" mb="0" cb="0"/><line nr="454" mi="0" ci="4" mb="0" cb="0"/><line nr="455" mi="0" ci="3" mb="1" cb="1"/><line nr="456" mi="4" ci="0" mb="0" cb="0"/><line nr="457" mi="19" ci="0" mb="0" cb="0"/><line nr="458" mi="1" ci="0" mb="0" cb="0"/><line nr="461" mi="0" ci="11" mb="0" cb="2"/><line nr="463" mi="0" ci="3" mb="1" cb="1"/><line nr="464" mi="13" ci="0" mb="0" cb="0"/><line nr="466" mi="0" ci="1" mb="0" cb="0"/><line nr="467" mi="0" ci="7" mb="0" cb="0"/><line nr="478" mi="0" ci="18" mb="0" cb="0"/><line nr="481" mi="0" ci="2" mb="0" cb="0"/><line nr="482" mi="0" ci="2" mb="0" cb="0"/><line nr="483" mi="0" ci="5" mb="0" cb="0"/><line nr="484" mi="0" ci="2" mb="0" cb="2"/><line nr="485" mi="0" ci="4" mb="1" cb="1"/><line nr="486" mi="0" ci="5" mb="0" cb="0"/><line nr="487" mi="0" ci="4" mb="0" cb="0"/><line nr="489" mi="0" ci="2" mb="1" cb="1"/><line nr="490" mi="0" ci="6" mb="0" cb="0"/><line nr="491" mi="0" ci="7" mb="0" cb="0"/><line nr="493" mi="0" ci="1" mb="0" cb="0"/><line nr="494" mi="0" ci="1" mb="0" cb="0"/><line nr="500" mi="0" ci="5" mb="0" cb="0"/><line nr="501" mi="5" ci="5" mb="3" cb="1"/><line nr="503" mi="0" ci="5" mb="0" cb="0"/><line nr="504" mi="4" ci="10" mb="3" cb="3"/><line nr="508" mi="0" ci="3" mb="0" cb="0"/><line nr="510" mi="0" ci="12" mb="2" cb="6"/><line nr="513" mi="0" ci="2" mb="0" cb="2"/><line nr="518" mi="0" ci="5" mb="0" cb="0"/><line nr="519" mi="0" ci="5" mb="0" cb="0"/><line nr="521" mi="0" ci="4" mb="0" cb="2"/><line nr="522" mi="0" ci="4" mb="0" cb="0"/><line nr="524" mi="0" ci="6" mb="0" cb="0"/><line nr="525" mi="0" ci="4" mb="1" cb="1"/><line nr="526" mi="2" ci="0" mb="0" cb="0"/><line nr="529" mi="0" ci="5" mb="0" cb="0"/><line nr="530" mi="0" ci="4" mb="0" cb="0"/><line nr="532" mi="0" ci="6" mb="0" cb="0"/><line nr="533" mi="0" ci="4" mb="0" cb="0"/><line nr="534" mi="0" ci="11" mb="0" cb="0"/><line nr="535" mi="0" ci="19" mb="0" cb="0"/><line nr="536" mi="0" ci="4" mb="0" cb="0"/><line nr="537" mi="0" ci="1" mb="0" cb="0"/><line nr="540" mi="0" ci="8" mb="2" cb="4"/><line nr="543" mi="0" ci="5" mb="0" cb="0"/><line nr="544" mi="0" ci="11" mb="0" cb="0"/><line nr="545" mi="0" ci="5" mb="0" cb="0"/><line nr="546" mi="0" ci="4" mb="1" cb="3"/><line nr="550" mi="0" ci="5" mb="0" cb="0"/><line nr="551" mi="0" ci="5" mb="0" cb="0"/><line nr="552" mi="2" ci="2" mb="3" cb="1"/><line nr="557" mi="5" ci="0" mb="0" cb="0"/><line nr="558" mi="5" ci="0" mb="0" cb="0"/><line nr="561" mi="0" ci="5" mb="0" cb="0"/><line nr="562" mi="0" ci="11" mb="0" cb="0"/><line nr="563" mi="0" ci="4" mb="0" cb="0"/><line nr="566" mi="1" ci="0" mb="0" cb="0"/><line nr="567" mi="4" ci="0" mb="0" cb="0"/><line nr="568" mi="0" ci="1" mb="0" cb="0"/><line nr="570" mi="0" ci="2" mb="0" cb="0"/><line nr="575" mi="0" ci="12" mb="0" cb="0"/><line nr="576" mi="0" ci="4" mb="0" cb="0"/><line nr="577" mi="0" ci="2" mb="0" cb="0"/><line nr="581" mi="0" ci="4" mb="0" cb="0"/><line nr="582" mi="0" ci="6" mb="0" cb="0"/><line nr="583" mi="0" ci="4" mb="0" cb="0"/><line nr="584" mi="0" ci="4" mb="0" cb="0"/><line nr="585" mi="0" ci="4" mb="0" cb="0"/><line nr="587" mi="0" ci="2" mb="0" cb="0"/><line nr="595" mi="0" ci="4" mb="0" cb="0"/><counter type="INSTRUCTION" missed="208" covered="1430"/><counter type="BRANCH" missed="45" covered="141"/><counter type="LINE" missed="34" covered="263"/><counter type="COMPLEXITY" missed="45" covered="76"/><counter type="METHOD" missed="4" covered="24"/><counter type="CLASS" missed="0" covered="4"/></sourcefile><sourcefile name="InternalRewrite.java"><line nr="53" mi="0" ci="10" mb="0" cb="0"/><line nr="54" mi="0" ci="3" mb="0" cb="0"/><line nr="55" mi="0" ci="3" mb="0" cb="0"/><line nr="56" mi="0" ci="1" mb="0" cb="0"/><line nr="59" mi="0" ci="3" mb="0" cb="0"/><line nr="63" mi="0" ci="3" mb="0" cb="0"/><counter type="INSTRUCTION" missed="0" covered="23"/><counter type="LINE" missed="0" covered="6"/><counter type="COMPLEXITY" missed="0" covered="3"/><counter type="METHOD" missed="0" covered="3"/><counter type="CLASS" missed="0" covered="1"/></sourcefile><counter type="INSTRUCTION" missed="208" covered="1453"/><counter type="BRANCH" missed="45" covered="141"/><counter type="LINE" missed="34" covered="269"/><counter type="COMPLEXITY" missed="45" covered="79"/><counter type="METHOD" missed="4" covered="27"/><counter type="CLASS" missed="0" covered="5"/></package><counter type="INSTRUCTION" missed="208" covered="1453"/><counter type="BRANCH" missed="45" covered="141"/><counter type="LINE" missed="34" covered="269"/><counter type="COMPLEXITY" missed="45" covered="79"/><counter type="METHOD" missed="4" covered="27"/><counter type="CLASS" missed="0" covered="5"/></report>