<?xml version="1.0" encoding="UTF-8"?>
<testsuite name="org.nanohttpd.junit.router.TestNanolets" time="1.1" tests="37" errors="0" skipped="0" failures="0">
  <properties>
[...]
</properties>
  <testcase name="doSomeBasicMethodTest" classname="org.nanohttpd.junit.router.TestNanolets" time="0.821"/>
  <testcase name="testIndexHandlerGetStatus" classname="org.nanohttpd.junit.router.TestNanolets" time="0"/>
  <testcase name="testProvidedPriorityRoutePrioritizer" classname="org.nanohttpd.junit.router.TestNanolets" time="0.017"/>
  <testcase name="doDeletedRoute" classname="org.nanohttpd.junit.router.TestNanolets" time="0.018"/>
  <testcase name="testInsertionOrderRoutePrioritizer" classname="org.nanohttpd.junit.router.TestNanolets" time="0.013"/>
  <testcase name="testError404UriHandlerGetStatus" classname="org.nanohttpd.junit.router.TestNanolets" time="0"/>
  <testcase name="testProvidedPriorityRoutePrioritizerNullHandler" classname="org.nanohttpd.junit.router.TestNanolets" time="0.001"/>
  <testcase name="doExceptionRequest" classname="org.nanohttpd.junit.router.TestNanolets" time="0.011"/>
  <testcase name="testStaticPageHandlerGetStatus" classname="org.nanohttpd.junit.router.TestNanolets" time="0"/>
  <testcase name="testUriResourceComparator" classname="org.nanohttpd.junit.router.TestNanolets" time="0.001"/>
  <testcase name="doUriSelection1" classname="org.nanohttpd.junit.router.TestNanolets" time="0.011"/>
  <testcase name="doGeneralParams" classname="org.nanohttpd.junit.router.TestNanolets" time="0.014"/>
  <testcase name="testBaseRoutePrioritizerAddNullRoute" classname="org.nanohttpd.junit.router.TestNanolets" time="0"/>
  <testcase name="checkIniParameter1" classname="org.nanohttpd.junit.router.TestNanolets" time="0"/>
  <testcase name="checkIniParameter2" classname="org.nanohttpd.junit.router.TestNanolets" time="0.001"/>
  <testcase name="testUriResourceMatch" classname="org.nanohttpd.junit.router.TestNanolets" time="0"/>
  <testcase name="testProvidedPriorityRoutePrioritizerNullUri" classname="org.nanohttpd.junit.router.TestNanolets" time="0"/>
  <testcase name="testNotImplementedHandlerGetStatus" classname="org.nanohttpd.junit.router.TestNanolets" time="0"/>
  <testcase name="testGeneralHandlerGetStatus" classname="org.nanohttpd.junit.router.TestNanolets" time="0"/>
  <testcase name="testNotImplementedHandlerGetMimeType" classname="org.nanohttpd.junit.router.TestNanolets" time="0"/>
  <testcase name="testHandlerSetters" classname="org.nanohttpd.junit.router.TestNanolets" time="0.002"/>
  <testcase name="doIndexHandler" classname="org.nanohttpd.junit.router.TestNanolets" time="0.013"/>
  <testcase name="normalize" classname="org.nanohttpd.junit.router.TestNanolets" time="0"/>
  <testcase name="doEncodedRequest" classname="org.nanohttpd.junit.router.TestNanolets" time="0.006"/>
  <testcase name="illegalMethod1" classname="org.nanohttpd.junit.router.TestNanolets" time="0.001"/>
  <testcase name="illegalMethod2" classname="org.nanohttpd.junit.router.TestNanolets" time="0"/>
  <testcase name="illegalMethod3" classname="org.nanohttpd.junit.router.TestNanolets" time="0"/>
  <testcase name="illegalMethod4" classname="org.nanohttpd.junit.router.TestNanolets" time="0.001"/>
  <testcase name="testIndexHandlerGetMimeType" classname="org.nanohttpd.junit.router.TestNanolets" time="0"/>
  <testcase name="staticFiles" classname="org.nanohttpd.junit.router.TestNanolets" time="0.139"/>
  <testcase name="uriToString" classname="org.nanohttpd.junit.router.TestNanolets" time="0.001"/>
  <testcase name="doStreamOfData" classname="org.nanohttpd.junit.router.TestNanolets" time="0.007"/>
  <testcase name="testError404UriHandlerGetMimeType" classname="org.nanohttpd.junit.router.TestNanolets" time="0"/>
  <testcase name="doNonRouterRequest" classname="org.nanohttpd.junit.router.TestNanolets" time="0.009"/>
  <testcase name="doMissingHandler" classname="org.nanohttpd.junit.router.TestNanolets" time="0.006"/>
  <testcase name="testRoutePrioritizerRemoveRouteNoRouteMatches" classname="org.nanohttpd.junit.router.TestNanolets" time="0.001"/>
  <testcase name="doOtherMethod" classname="org.nanohttpd.junit.router.TestNanolets" time="0.006"/>
</testsuite>